INFO 2025-09-23 17:21:28,256 firebase_service 3184 6560 Firebase Admin SDK initialized successfully
INFO 2025-09-23 17:21:36,184 firebase_service 2228 7876 Firebase Admin SDK initialized successfully
INFO 2025-09-23 17:22:43,391 firebase_service 6936 12720 Firebase Admin SDK initialized successfully
INFO 2025-09-23 17:35:04,313 firebase_service 11260 12472 Firebase Admin SDK initialized successfully
INFO 2025-09-24 02:07:26,912 firebase_service 15056 15492 Firebase Admin SDK initialized successfully
INFO 2025-09-24 02:08:19,692 firebase_service 11320 13708 Firebase Admin SDK initialized successfully
INFO 2025-09-24 02:08:30,841 firebase_service 5016 6936 Firebase Admin SDK initialized successfully
INFO 2025-09-24 02:11:20,286 firebase_service 9696 9640 Firebase Admin SDK initialized successfully
INFO 2025-09-24 02:11:22,423 firebase_service 13372 7856 Firebase Admin SDK initialized successfully
INFO 2025-09-24 02:11:22,469 autoreload 13372 7856 Watching for file changes with StatReloader
INFO 2025-09-24 14:27:08,337 firebase_service 7588 9512 Firebase Admin SDK initialized successfully
INFO 2025-09-24 14:27:09,647 firebase_service 12540 3792 Firebase Admin SDK initialized successfully
INFO 2025-09-24 14:27:09,715 autoreload 12540 3792 Watching for file changes with StatReloader
INFO 2025-09-24 14:30:14,304 firebase_service 11176 9932 Firebase Admin SDK initialized successfully
INFO 2025-09-24 14:30:15,858 firebase_service 12908 1100 Firebase Admin SDK initialized successfully
INFO 2025-09-24 14:30:15,910 autoreload 12908 1100 Watching for file changes with StatReloader
INFO 2025-09-24 14:34:01,463 autoreload 12908 1100 C:\Mine\Projects\Luna_IOT\Luna-Iot-Py\core\serializers\institute_serializers.py changed, reloading.
INFO 2025-09-24 14:34:03,272 firebase_service 3044 6676 Firebase Admin SDK initialized successfully
INFO 2025-09-24 14:34:03,315 autoreload 3044 6676 Watching for file changes with StatReloader
INFO 2025-09-24 14:34:13,799 autoreload 3044 6676 C:\Mine\Projects\Luna_IOT\Luna-Iot-Py\core\serializers\institute_serializers.py changed, reloading.
INFO 2025-09-24 14:34:15,934 firebase_service 4724 5432 Firebase Admin SDK initialized successfully
INFO 2025-09-24 14:34:15,965 autoreload 4724 5432 Watching for file changes with StatReloader
INFO 2025-09-27 12:06:49,412 firebase_service 13748 12392 Firebase Admin SDK initialized successfully
INFO 2025-09-27 12:08:40,155 firebase_service 8032 4580 Firebase Admin SDK initialized successfully
INFO 2025-09-27 12:08:47,128 firebase_service 12992 14020 Firebase Admin SDK initialized successfully
INFO 2025-09-27 12:09:03,235 firebase_service 13752 2540 Firebase Admin SDK initialized successfully
INFO 2025-09-28 00:29:28,556 firebase_service 1488 2108 Firebase Admin SDK initialized successfully
INFO 2025-09-28 00:31:10,675 firebase_service 4468 11956 Firebase Admin SDK initialized successfully
INFO 2025-09-28 00:31:57,166 firebase_service 11560 1032 Firebase Admin SDK initialized successfully
INFO 2025-09-28 00:32:59,834 firebase_service 4488 11344 Firebase Admin SDK initialized successfully
INFO 2025-09-28 00:33:40,229 firebase_service 13128 5752 Firebase Admin SDK initialized successfully
ERROR 2025-10-02 19:53:10,139 firebase_service 5740 6020 Firebase service account key not found at: C:\Mine\Projects\Luna_IOT\Luna-Iot-Py\firebase-service.json
ERROR 2025-10-02 19:53:10,150 firebase_service 5740 6020 Please ensure firebase-service.json is in the project root directory.
ERROR 2025-10-02 20:31:33,327 firebase_service 8484 3208 Firebase service account key not found at: C:\Mine\Projects\Luna_IOT\Luna-Iot-Py\firebase-service.json
ERROR 2025-10-02 20:31:33,327 firebase_service 8484 3208 Please ensure firebase-service.json is in the project root directory.
ERROR 2025-10-02 20:33:08,502 firebase_service 7232 6976 Firebase service account key not found at: C:\Mine\Projects\Luna_IOT\Luna-Iot-Py\firebase-service.json
ERROR 2025-10-02 20:33:08,502 firebase_service 7232 6976 Please ensure firebase-service.json is in the project root directory.
INFO 2025-10-02 20:33:44,386 firebase_service 14172 11188 Firebase Admin SDK initialized successfully
INFO 2025-10-02 20:33:56,136 firebase_service 9276 4960 Firebase Admin SDK initialized successfully
INFO 2025-10-02 20:37:47,473 firebase_service 13596 11640 Firebase Admin SDK initialized successfully with app name: luna_iot_app
INFO 2025-10-02 20:39:17,936 firebase_service 504 5688 Firebase Admin SDK initialized successfully with app name: luna_iot_app
INFO 2025-10-02 20:39:17,936 firebase_service 504 5688 Removed existing Firebase app: luna_iot_app
WARNING 2025-10-02 20:39:17,936 firebase_service 504 5688 Error removing existing apps: dictionary changed size during iteration
INFO 2025-10-02 20:39:18,085 firebase_service 504 5688 Firebase Admin SDK initialized successfully with app name: luna_iot_app
WARNING 2025-10-02 20:39:18,085 firebase_service 504 5688 Invalid notification type or missing parameters: test
WARNING 2025-10-02 20:39:18,085 firebase_service 504 5688 No FCM tokens found for notification type: test
